<?xml version="1.0" encoding="UTF-8"?>
<!-- Generated by org.testng.reporters.JUnitReportReporter -->
<testsuite hostname="HP-PC" failures="0" tests="2" name="testCases.TC001_AccountRegistrationTest" time="4.579" errors="0" timestamp="2025-06-17T18:14:29 IST" skipped="0">
  <testcase classname="testCases.TC001_AccountRegistrationTest" name="verify_account_registration" time="2.291"/>
  <testcase classname="testCases.TC001_AccountRegistrationTest" name="verify_account_registration" time="2.288"/>
</testsuite> <!-- testCases.TC001_AccountRegistrationTest -->
