<?xml version="1.0" encoding="UTF-8"?>
<!-- Generated by org.testng.reporters.JUnitReportReporter -->
<testsuite hostname="HP-PC" failures="0" tests="2" name="testCases.TC002_LoginTest" time="3.683" errors="0" timestamp="2025-06-17T18:14:29 IST" skipped="0">
  <testcase classname="testCases.TC002_LoginTest" name="verify_login" time="2.094"/>
  <testcase classname="testCases.TC002_LoginTest" name="verify_login" time="1.589"/>
</testsuite> <!-- testCases.TC002_LoginTest -->
