<?xml version="1.0" encoding="UTF-8"?>
<!-- Generated by org.testng.reporters.JUnitReportReporter -->
<testsuite hostname="HP-PC" failures="0" tests="2" name="Jun10Pack.C1" time="0.009" errors="0" timestamp="2025-06-10T15:40:05 IST" skipped="0">
  <testcase classname="Jun10Pack.C1" name="abc" time="0.001"/>
  <testcase classname="Jun10Pack.C1" name="abc" time="0.008"/>
</testsuite> <!-- Jun10Pack.C1 -->
