<?xml version="1.0" encoding="UTF-8"?>
<!-- Generated by org.testng.reporters.JUnitReportReporter -->
<testsuite hostname="HP-PC" failures="0" tests="2" name="June10th.AllAnnotations" time="0.016" errors="0" timestamp="2025-06-10T16:18:27 IST" skipped="0">
  <testcase classname="June10th.AllAnnotations" name="tm1" time="0.013"/>
  <testcase classname="June10th.AllAnnotations" name="tm2" time="0.003"/>
</testsuite> <!-- June10th.AllAnnotations -->
