<?xml version="1.0" encoding="UTF-8"?>
<!-- Generated by org.testng.reporters.JUnitReportReporter -->
<testsuite hostname="HP-PC" failures="0" tests="2" name="June10th.AnnotationsDemo1" time="0.026" errors="0" timestamp="2025-06-10T13:49:40 IST" skipped="0">
  <testcase classname="June10th.AnnotationsDemo1" name="search" time="0.022"/>
  <testcase classname="June10th.AnnotationsDemo1" name="advsearch" time="0.004"/>
</testsuite> <!-- June10th.AnnotationsDemo1 -->
