<?xml version="1.0" encoding="UTF-8"?>
<!-- Generated by org.testng.reporters.JUnitReportReporter -->
<testsuite hostname="HP-PC" failures="0" tests="3" name="june11.ParamTest" time="0.083" errors="0" timestamp="2025-06-11T11:23:02 IST" skipped="0">
  <testcase classname="june11.ParamTest" name="testLogo" time="0.047"/>
  <testcase classname="june11.ParamTest" name="testTitle" time="0.025"/>
  <testcase classname="june11.ParamTest" name="testURL" time="0.011"/>
</testsuite> <!-- june11.ParamTest -->
