<?xml version="1.0" encoding="UTF-8"?>
<!-- Generated by org.testng.reporters.JUnitReportReporter -->
<testsuite hostname="HP-PC" failures="0" tests="4" name="June10th.OrangeHRM" time="23.272" errors="0" timestamp="2025-06-10T13:03:57 IST" skipped="0">
  <testcase classname="June10th.OrangeHRM" name="openapp" time="17.746"/>
  <testcase classname="June10th.OrangeHRM" name="testLogo" time="5.056"/>
  <testcase classname="June10th.OrangeHRM" name="testLogin" time="0.218"/>
  <testcase classname="June10th.OrangeHRM" name="closeapp" time="0.252"/>
</testsuite> <!-- June10th.OrangeHRM -->
