<?xml version="1.0" encoding="UTF-8"?>
<!-- Generated by org.testng.reporters.JUnitReportReporter -->
<testsuite hostname="HP-PC" failures="0" tests="2" name="June10th.AnnotationsDemo2" time="0.008" errors="0" timestamp="2025-06-10T14:52:21 IST" skipped="0">
  <testcase classname="June10th.AnnotationsDemo2" name="search" time="0.007"/>
  <testcase classname="June10th.AnnotationsDemo2" name="advsearch" time="0.001"/>
</testsuite> <!-- June10th.AnnotationsDemo2 -->
