<?xml version="1.0" encoding="UTF-8"?>
<!-- Generated by org.testng.reporters.JUnitReportReporter -->
<testsuite hostname="HP-PC" failures="0" tests="3" name="June10th.FirstTestCases" time="0.011" errors="0" timestamp="2025-06-10T11:34:03 IST" skipped="0">
  <testcase classname="June10th.FirstTestCases" name="login" time="0.009"/>
  <testcase classname="June10th.FirstTestCases" name="logout" time="0.001"/>
  <testcase classname="June10th.FirstTestCases" name="openapp" time="0.001"/>
</testsuite> <!-- June10th.FirstTestCases -->
